<?xml version="1.0" encoding="UTF-8"?>
<!-- Generated by org.testng.reporters.JUnitReportReporter -->
<testsuite skipped="0" hostname="LAPTOP-JS1ND5UI" name="org.task.testcases.NoBrokerApplicationTask" tests="1" failures="0" timestamp="30 Jul 2020 16:59:09 GMT" time="410.481" errors="0">
  <testcase name="noBrokerValidations" time="410.481" classname="org.task.testcases.NoBrokerApplicationTask"/>
</testsuite> <!-- org.task.testcases.NoBrokerApplicationTask -->
