<?xml version="1.0" encoding="UTF-8"?>
<!-- Generated by org.testng.reporters.JUnitReportReporter -->
<testsuite skipped="0" hostname="LAPTOP-JS1ND5UI" name="org.task.testcases.Sample" tests="1" failures="0" timestamp="30 Jul 2020 13:20:13 GMT" time="333.606" errors="0">
  <testcase name="dryRun" time="333.606" classname="org.task.testcases.Sample"/>
</testsuite> <!-- org.task.testcases.Sample -->
