<?xml version="1.0" encoding="UTF-8"?>
<!-- Generated by org.testng.reporters.JUnitReportReporter -->
<testsuite skipped="0" hostname="LAPTOP-JS1ND5UI" name="org.task.testcases.NoBrokerApplicationTask" tests="1" failures="0" timestamp="30 Jul 2020 17:57:22 GMT" time="392.168" errors="0">
  <testcase name="noBrokerValidations" time="392.168" classname="org.task.testcases.NoBrokerApplicationTask"/>
</testsuite> <!-- org.task.testcases.NoBrokerApplicationTask -->
