<?xml version="1.0" encoding="UTF-8"?>
<!-- Generated by org.testng.reporters.JUnitReportReporter -->
<testsuite skipped="0" hostname="LAPTOP-JS1ND5UI" name="org.task.testcases.ReportingTask" tests="1" failures="0" timestamp="28 Jul 2020 15:25:06 GMT" time="33.643" errors="0">
  <testcase name="task1" time="33.643" classname="org.task.testcases.ReportingTask"/>
</testsuite> <!-- org.task.testcases.ReportingTask -->
